

Started POST "/users/sign_in.json" for ::1 at 2016-03-03 12:34:07 -0700
  [1m[36mActiveRecord::SchemaMigration Load (0.7ms)[0m  [1mSELECT "schema_migrations".* FROM "schema_migrations"[0m
Processing by Users::SessionsController#create as JSON
  Parameters: {"user"=>{"email"=>"hathbanger.ah@gmail.com", "password"=>"[FILTERED]"}}
  [1m[35mUser Load (0.6ms)[0m  SELECT  "users".* FROM "users" WHERE "users"."email" = $1  ORDER BY "users"."id" ASC LIMIT 1  [["email", "hathbanger.ah@gmail.com"]]
  [1m[36m (0.1ms)[0m  [1mBEGIN[0m
  [1m[35mSQL (0.3ms)[0m  UPDATE "users" SET "last_sign_in_at" = $1, "current_sign_in_at" = $2, "sign_in_count" = $3, "updated_at" = $4 WHERE "users"."id" = $5  [["last_sign_in_at", "2016-03-03 19:20:21.468737"], ["current_sign_in_at", "2016-03-03 19:34:07.445827"], ["sign_in_count", 22], ["updated_at", "2016-03-03 19:34:07.448043"], ["id", 1]]
  [1m[36m (0.4ms)[0m  [1mCOMMIT[0m
Completed 200 OK in 123ms (Views: 1.6ms | ActiveRecord: 3.5ms)


Started GET "/dashes.json" for ::1 at 2016-03-03 12:34:07 -0700
Processing by DashesController#index as JSON
  [1m[35mUser Load (6.1ms)[0m  SELECT  "users".* FROM "users" WHERE "users"."id" = $1 LIMIT 1  [["id", 1]]
  [1m[36mDash Load (2.6ms)[0m  [1mSELECT "dashes".* FROM "dashes" WHERE "dashes"."user_id" = 1[0m
Completed 200 OK in 35ms (Views: 13.2ms | ActiveRecord: 9.8ms)


Started GET "/dashes/1/" for ::1 at 2016-03-03 12:41:36 -0700
Processing by DashesController#show as */*
  Parameters: {"id"=>"1"}
  [1m[35mUser Load (0.3ms)[0m  SELECT  "users".* FROM "users" WHERE "users"."id" = $1 LIMIT 1  [["id", 1]]
  [1m[36mDash Load (0.4ms)[0m  [1mSELECT  "dashes".* FROM "dashes" WHERE "dashes"."id" = $1 LIMIT 1[0m  [["id", 1]]
  [1m[35mPost Load (0.8ms)[0m  SELECT "posts".* FROM "posts" WHERE "posts"."dash_id" = $1  [["dash_id", 1]]
Completed 200 OK in 98ms (Views: 69.0ms | ActiveRecord: 6.2ms)


Started GET "/dashes/1/" for ::1 at 2016-03-03 12:42:01 -0700
Processing by DashesController#show as */*
  Parameters: {"id"=>"1"}
  [1m[36mUser Load (0.3ms)[0m  [1mSELECT  "users".* FROM "users" WHERE "users"."id" = $1 LIMIT 1[0m  [["id", 1]]
  [1m[35mDash Load (0.3ms)[0m  SELECT  "dashes".* FROM "dashes" WHERE "dashes"."id" = $1 LIMIT 1  [["id", 1]]
Completed 200 OK in 46ms (Views: 1.3ms | ActiveRecord: 4.0ms)


Started GET "/dashes/1/" for ::1 at 2016-03-03 12:44:22 -0700
  [1m[36mActiveRecord::SchemaMigration Load (0.4ms)[0m  [1mSELECT "schema_migrations".* FROM "schema_migrations"[0m
Processing by DashesController#show as */*
  Parameters: {"id"=>"1"}
  [1m[35mUser Load (0.5ms)[0m  SELECT  "users".* FROM "users" WHERE "users"."id" = $1 LIMIT 1  [["id", 1]]
  [1m[36mDash Load (0.6ms)[0m  [1mSELECT  "dashes".* FROM "dashes" WHERE "dashes"."id" = $1 LIMIT 1[0m  [["id", 1]]
Completed 200 OK in 54ms (Views: 1.0ms | ActiveRecord: 10.0ms)


Started GET "/dashes/1/" for ::1 at 2016-03-03 12:44:40 -0700
  [1m[36mActiveRecord::SchemaMigration Load (0.4ms)[0m  [1mSELECT "schema_migrations".* FROM "schema_migrations"[0m
Processing by DashesController#show as */*
  Parameters: {"id"=>"1"}
  [1m[35mUser Load (0.6ms)[0m  SELECT  "users".* FROM "users" WHERE "users"."id" = $1 LIMIT 1  [["id", 1]]
  [1m[36mDash Load (0.3ms)[0m  [1mSELECT  "dashes".* FROM "dashes" WHERE "dashes"."id" = $1 LIMIT 1[0m  [["id", 1]]
Completed 200 OK in 41ms (Views: 1.1ms | ActiveRecord: 5.0ms)


Started GET "/dashes/1/" for ::1 at 2016-03-03 12:44:42 -0700
Processing by DashesController#show as */*
  Parameters: {"id"=>"1"}
  [1m[35mUser Load (0.3ms)[0m  SELECT  "users".* FROM "users" WHERE "users"."id" = $1 LIMIT 1  [["id", 1]]
  [1m[36mDash Load (0.2ms)[0m  [1mSELECT  "dashes".* FROM "dashes" WHERE "dashes"."id" = $1 LIMIT 1[0m  [["id", 1]]
Completed 200 OK in 3ms (Views: 0.4ms | ActiveRecord: 0.5ms)


Started GET "/dashes/1/" for ::1 at 2016-03-03 12:44:43 -0700
Processing by DashesController#show as */*
  Parameters: {"id"=>"1"}
  [1m[35mUser Load (0.3ms)[0m  SELECT  "users".* FROM "users" WHERE "users"."id" = $1 LIMIT 1  [["id", 1]]
  [1m[36mDash Load (0.2ms)[0m  [1mSELECT  "dashes".* FROM "dashes" WHERE "dashes"."id" = $1 LIMIT 1[0m  [["id", 1]]
Completed 200 OK in 3ms (Views: 0.4ms | ActiveRecord: 0.5ms)


Started GET "/dashes/1/" for ::1 at 2016-03-03 12:45:13 -0700
  [1m[36mActiveRecord::SchemaMigration Load (0.3ms)[0m  [1mSELECT "schema_migrations".* FROM "schema_migrations"[0m
Processing by DashesController#show as */*
  Parameters: {"id"=>"1"}
  [1m[35mUser Load (0.4ms)[0m  SELECT  "users".* FROM "users" WHERE "users"."id" = $1 LIMIT 1  [["id", 1]]
  [1m[36mDash Load (0.3ms)[0m  [1mSELECT  "dashes".* FROM "dashes" WHERE "dashes"."id" = $1 LIMIT 1[0m  [["id", 1]]
Completed 200 OK in 49ms (Views: 0.8ms | ActiveRecord: 4.0ms)


Started GET "/dashes/1/" for ::1 at 2016-03-03 12:45:51 -0700
  [1m[36mActiveRecord::SchemaMigration Load (0.5ms)[0m  [1mSELECT "schema_migrations".* FROM "schema_migrations"[0m
Processing by DashesController#show as */*
  Parameters: {"id"=>"1"}
  [1m[35mUser Load (0.4ms)[0m  SELECT  "users".* FROM "users" WHERE "users"."id" = $1 LIMIT 1  [["id", 1]]
  [1m[36mDash Load (0.3ms)[0m  [1mSELECT  "dashes".* FROM "dashes" WHERE "dashes"."id" = $1 LIMIT 1[0m  [["id", 1]]
  [1m[35mPost Load (0.9ms)[0m  SELECT "posts".* FROM "posts" WHERE "posts"."dash_id" = $1  [["dash_id", 1]]
Completed 200 OK in 115ms (Views: 68.1ms | ActiveRecord: 7.1ms)


Started GET "/dashes/1/" for ::1 at 2016-03-03 12:49:12 -0700
  [1m[36mActiveRecord::SchemaMigration Load (0.5ms)[0m  [1mSELECT "schema_migrations".* FROM "schema_migrations"[0m
Processing by DashesController#show as */*
  Parameters: {"id"=>"1"}
  [1m[35mUser Load (0.9ms)[0m  SELECT  "users".* FROM "users" WHERE "users"."id" = $1 LIMIT 1  [["id", 1]]
  [1m[36mDash Load (0.3ms)[0m  [1mSELECT  "dashes".* FROM "dashes" WHERE "dashes"."id" = $1 LIMIT 1[0m  [["id", 1]]
  [1m[35mPost Load (0.5ms)[0m  SELECT  "posts".* FROM "posts" WHERE "posts"."approved" = 't' LIMIT 20
  [1m[36mPost Load (0.4ms)[0m  [1mSELECT  "posts".* FROM "posts" WHERE "posts"."approved" IS NULL LIMIT 20[0m
Completed 200 OK in 85ms (Views: 21.2ms | ActiveRecord: 9.4ms)
